2018-06-11 15:52:38,775 WARN Unable to load native-hadoop library for your platform... using builtin-java classes where applicable
2018-06-11 15:52:39,014 AUDIT [X160912][david][Thread-1]loaded properties: /home/david/Documents/code/carbonstore/select/build/carbonselect/conf/server/carbonselect.properties
2018-06-11 15:52:39,156 INFO Using callQueue class java.util.concurrent.LinkedBlockingQueue
2018-06-11 15:52:39,207 INFO Starting Socket Reader #1 for port 7881
2018-06-11 15:52:39,238 INFO IPC Server Responder: starting
2018-06-11 15:52:39,241 INFO IPC Server listener on 7881: starting
2018-06-11 16:29:30,286 AUDIT [X160912][david][Thread-27]loaded library: carbonvision
2018-06-11 16:29:34,481 AUDIT [X160912][david][Thread-26]loaded Model: /home/david/Documents/code/carbonstore/select/build/carbonselect/lib/third/intellifData
2018-06-11 16:48:51,217 AUDIT [X160912][david][Thread-26]loaded Model: /home/david/Documents/code/carbonstore/select/build/carbonselect/lib/third/intellifData
2018-06-11 16:50:55,543 WARN Unable to load native-hadoop library for your platform... using builtin-java classes where applicable
2018-06-11 16:50:55,747 AUDIT [X160912][david][Thread-1]loaded properties: /home/david/Documents/code/carbonstore/select/build/carbonselect/conf/server/carbonselect.properties
2018-06-11 16:50:55,976 INFO Using callQueue class java.util.concurrent.LinkedBlockingQueue
2018-06-11 16:50:56,036 INFO Starting Socket Reader #1 for port 7881
2018-06-11 16:50:56,064 INFO IPC Server Responder: starting
2018-06-11 16:50:56,068 INFO IPC Server listener on 7881: starting
2018-06-11 16:51:18,156 AUDIT [X160912][david][Thread-19]loaded library: carbonvision
2018-06-11 16:51:22,284 AUDIT [X160912][david][Thread-20]loaded Model: /home/david/Documents/code/carbonstore/select/build/carbonselect/lib/third/intellifData
2018-06-11 16:54:59,601 AUDIT [X160912][david][Thread-22]loaded Model: /home/david/Documents/code/carbonstore/select/build/carbonselect/lib/third/intellifData
2018-06-11 16:57:30,461 AUDIT [X160912][david][Thread-22]loaded Model: /home/david/Documents/code/carbonstore/select/build/carbonselect/lib/third/intellifData
2018-06-11 16:57:44,929 AUDIT [X160912][david][Thread-28]cached table in disk: Table{database='default', tableName='frs_table'}
2018-06-11 16:59:00,195 INFO Socket Reader #1 for port 7881 Property file path: /home/david/Documents/code/carbonstore/../../../conf/carbon.properties
2018-06-11 16:59:00,195 INFO Socket Reader #1 for port 7881 ------Using Carbon.properties --------
2018-06-11 16:59:00,195 INFO Socket Reader #1 for port 7881 {}
2018-06-11 16:59:00,220 INFO Socket Reader #1 for port 7881 Carbon Current data file version: V3
2018-06-11 16:59:00,220 INFO Socket Reader #1 for port 7881 Blocklet Size Configured value is "64
2018-06-11 16:59:00,220 WARN Socket Reader #1 for port 7881 The enable unsafe sort value "null" is invalid. Using the default value "true
2018-06-11 16:59:00,220 WARN Socket Reader #1 for port 7881 The enable off heap sort value "null" is invalid. Using the default value "true
2018-06-11 16:59:00,220 WARN Socket Reader #1 for port 7881 The custom block distribution value "null" is invalid. Using the default value "false
2018-06-11 16:59:00,220 WARN Socket Reader #1 for port 7881 The enable vector reader value "null" is invalid. Using the default value "true
2018-06-11 16:59:00,254 WARN Socket Reader #1 for port 7881 The carbon task distribution value "null" is invalid. Using the default value "block
2018-06-11 16:59:00,254 WARN Socket Reader #1 for port 7881 The enable auto handoff value "null" is invalid. Using the default value "true
2018-06-11 16:59:00,254 WARN Socket Reader #1 for port 7881 The specified value for property sort.inmemory.size.inmbis Invalid. Taking the default value.1024
2018-06-11 17:00:05,715 INFO [IPC Server handler 1 on 7881][partitionID:;queryID:19503296828412] Query will be executed on table: 
2018-06-11 17:00:06,056 INFO pool-1-thread-1 Working Memory manager is created with size 536870912 with org.apache.carbondata.core.memory.UnsafeMemoryAllocator@352eae33
2018-06-11 17:00:06,081 AUDIT [X160912][david][Thread-20][8bca7b44-7b75-4ffe-90da-07fbdafe20e2] EntityRecognition batchSize: 100000
2018-06-11 17:00:06,329 AUDIT [X160912][david][Thread-20]collect result taken time: 247 ms
2018-06-11 17:00:06,329 AUDIT [X160912][david][Thread-20][8bca7b44-7b75-4ffe-90da-07fbdafe20e2]KNNSearch call calcDistanceSetNative
2018-06-11 17:00:06,339 AUDIT [X160912][david][Thread-20][8bca7b44-7b75-4ffe-90da-07fbdafe20e2]KNNSearch finished.
2018-06-11 17:00:06,343 AUDIT [X160912][david][Thread-20]recognition taken time: 14 ms, detail: t1~(10)~t2~(4)~t3
2018-06-11 17:00:06,344 AUDIT [X160912][david][Thread-20]CarbonScan initialize taken time: 639 ms
2018-06-11 17:00:10,307 AUDIT [X160912][david][Thread-20]search taken time: 61979 ms
2018-06-11 17:03:52,406 AUDIT [X160912][david][Thread-19]loaded Model: /home/david/Documents/code/carbonstore/select/build/carbonselect/lib/third/intellifData
2018-06-11 17:04:40,907 INFO [IPC Server handler 7 on 7881][partitionID:;queryID:19778555298063] Query will be executed on table: 
2018-06-11 17:04:40,947 AUDIT [X160912][david][Thread-26][d7f33f44-0f6b-4fca-a12c-77a779b8f692] EntityRecognition batchSize: 100000
2018-06-11 17:04:40,965 AUDIT [X160912][david][Thread-26]collect result taken time: 18 ms
2018-06-11 17:04:40,965 AUDIT [X160912][david][Thread-26][d7f33f44-0f6b-4fca-a12c-77a779b8f692]KNNSearch call calcDistanceSetNative
2018-06-11 17:04:40,975 AUDIT [X160912][david][Thread-26][d7f33f44-0f6b-4fca-a12c-77a779b8f692]KNNSearch finished.
2018-06-11 17:04:40,976 AUDIT [X160912][david][Thread-26]recognition taken time: 11 ms, detail: t1~(10)~t2~(1)~t3
2018-06-11 17:04:40,976 AUDIT [X160912][david][Thread-26]CarbonScan initialize taken time: 69 ms
2018-06-11 17:04:40,976 AUDIT [X160912][david][Thread-26]search taken time: 70 ms
2018-06-11 17:10:32,232 WARN Unable to load native-hadoop library for your platform... using builtin-java classes where applicable
2018-06-11 17:10:32,347 AUDIT [X160912][david][Thread-1]loaded properties: /home/david/Documents/code/carbonstore/select/build/carbonselect/conf/server/carbonselect.properties
2018-06-11 17:10:32,449 INFO Using callQueue class java.util.concurrent.LinkedBlockingQueue
2018-06-11 17:10:32,515 INFO Starting Socket Reader #1 for port 7881
2018-06-11 17:10:32,562 INFO IPC Server Responder: starting
2018-06-11 17:10:32,564 INFO IPC Server listener on 7881: starting
2018-06-11 17:10:48,831 AUDIT [X160912][david][Thread-17]loaded library: carbonvision
2018-06-11 17:10:52,890 AUDIT [X160912][david][Thread-19]loaded Model: /home/david/Documents/code/carbonstore/select/build/carbonselect/lib/third/intellifData
2018-06-11 17:11:01,327 AUDIT [X160912][david][Thread-17]cached table in disk: Table{database='default', tableName='frs_table'}
2018-06-11 17:11:01,964 INFO Socket Reader #1 for port 7881 Property file path: /home/david/Documents/code/carbonstore/../../../conf/carbon.properties
2018-06-11 17:11:01,964 INFO Socket Reader #1 for port 7881 ------Using Carbon.properties --------
2018-06-11 17:11:01,965 INFO Socket Reader #1 for port 7881 {}
2018-06-11 17:11:01,984 INFO Socket Reader #1 for port 7881 Carbon Current data file version: V3
2018-06-11 17:11:01,984 INFO Socket Reader #1 for port 7881 Blocklet Size Configured value is "64
2018-06-11 17:11:01,985 WARN Socket Reader #1 for port 7881 The enable unsafe sort value "null" is invalid. Using the default value "true
2018-06-11 17:11:01,985 WARN Socket Reader #1 for port 7881 The enable off heap sort value "null" is invalid. Using the default value "true
2018-06-11 17:11:01,985 WARN Socket Reader #1 for port 7881 The custom block distribution value "null" is invalid. Using the default value "false
2018-06-11 17:11:01,985 WARN Socket Reader #1 for port 7881 The enable vector reader value "null" is invalid. Using the default value "true
2018-06-11 17:11:02,018 WARN Socket Reader #1 for port 7881 The carbon task distribution value "null" is invalid. Using the default value "block
2018-06-11 17:11:02,019 WARN Socket Reader #1 for port 7881 The enable auto handoff value "null" is invalid. Using the default value "true
2018-06-11 17:11:02,019 WARN Socket Reader #1 for port 7881 The specified value for property sort.inmemory.size.inmbis Invalid. Taking the default value.1024
2018-06-11 17:11:02,144 INFO [IPC Server handler 0 on 7881][partitionID:;queryID:20159783863853] Query will be executed on table: 
2018-06-11 17:11:02,227 INFO pool-1-thread-1 Working Memory manager is created with size 536870912 with org.apache.carbondata.core.memory.UnsafeMemoryAllocator@360cd65c
2018-06-11 17:11:02,241 AUDIT [X160912][david][Thread-17][a14f14d3-25af-465f-8e2a-51db3bc6ef95] EntityRecognition batchSize: 100000
2018-06-11 17:11:02,271 AUDIT [X160912][david][Thread-17]collect result taken time: 29 ms
2018-06-11 17:11:02,272 AUDIT [X160912][david][Thread-17][a14f14d3-25af-465f-8e2a-51db3bc6ef95]KNNSearch call calcDistanceSetNative
2018-06-11 17:11:02,283 AUDIT [X160912][david][Thread-17][a14f14d3-25af-465f-8e2a-51db3bc6ef95]KNNSearch finished.
2018-06-11 17:11:02,285 AUDIT [X160912][david][Thread-17]recognition taken time: 13 ms, detail: t1~(12)~t2~(1)~t3
2018-06-11 17:11:02,286 AUDIT [X160912][david][Thread-17]CarbonScan initialize taken time: 144 ms
2018-06-11 17:11:02,286 AUDIT [X160912][david][Thread-17]search taken time: 154 ms
2018-06-11 17:13:23,917 WARN Unable to load native-hadoop library for your platform... using builtin-java classes where applicable
2018-06-11 17:13:24,064 AUDIT [X160912][david][Thread-1]loaded properties: /home/david/Documents/code/carbonstore/select/build/carbonselect/conf/server/carbonselect.properties
2018-06-11 17:13:24,156 INFO Using callQueue class java.util.concurrent.LinkedBlockingQueue
2018-06-11 17:13:24,214 INFO Starting Socket Reader #1 for port 7881
2018-06-11 17:13:24,244 INFO IPC Server Responder: starting
2018-06-11 17:13:24,247 INFO IPC Server listener on 7881: starting
2018-06-11 17:13:34,115 AUDIT [X160912][david][Thread-17]loaded library: carbonvision
2018-06-11 17:13:38,093 AUDIT [X160912][david][Thread-21]loaded Model: /home/david/Documents/code/carbonstore/select/build/carbonselect/lib/third/intellifData
2018-06-11 17:14:08,063 AUDIT [X160912][david][Thread-21]cached table in disk: Table{database='default', tableName='frs_table'}
2018-06-11 17:14:08,680 INFO Socket Reader #1 for port 7881 Property file path: /home/david/Documents/code/carbonstore/../../../conf/carbon.properties
2018-06-11 17:14:08,680 INFO Socket Reader #1 for port 7881 ------Using Carbon.properties --------
2018-06-11 17:14:08,680 INFO Socket Reader #1 for port 7881 {}
2018-06-11 17:14:08,696 INFO Socket Reader #1 for port 7881 Carbon Current data file version: V3
2018-06-11 17:14:08,697 INFO Socket Reader #1 for port 7881 Blocklet Size Configured value is "64
2018-06-11 17:14:08,697 WARN Socket Reader #1 for port 7881 The enable unsafe sort value "null" is invalid. Using the default value "true
2018-06-11 17:14:08,697 WARN Socket Reader #1 for port 7881 The enable off heap sort value "null" is invalid. Using the default value "true
2018-06-11 17:14:08,697 WARN Socket Reader #1 for port 7881 The custom block distribution value "null" is invalid. Using the default value "false
2018-06-11 17:14:08,697 WARN Socket Reader #1 for port 7881 The enable vector reader value "null" is invalid. Using the default value "true
2018-06-11 17:14:08,725 WARN Socket Reader #1 for port 7881 The carbon task distribution value "null" is invalid. Using the default value "block
2018-06-11 17:14:08,726 WARN Socket Reader #1 for port 7881 The enable auto handoff value "null" is invalid. Using the default value "true
2018-06-11 17:14:08,726 WARN Socket Reader #1 for port 7881 The specified value for property sort.inmemory.size.inmbis Invalid. Taking the default value.1024
2018-06-11 17:14:08,859 INFO [IPC Server handler 4 on 7881][partitionID:;queryID:20346496953505] Query will be executed on table: 
2018-06-11 17:14:08,949 INFO pool-1-thread-1 Working Memory manager is created with size 536870912 with org.apache.carbondata.core.memory.UnsafeMemoryAllocator@d97e46
2018-06-11 17:14:08,965 AUDIT [X160912][david][Thread-21][e6bdc287-1e65-41c3-9ac6-8dbc60861c30] EntityRecognition batchSize: 100000
2018-06-11 17:14:08,997 AUDIT [X160912][david][Thread-21]collect result taken time: 32 ms
2018-06-11 17:14:08,998 AUDIT [X160912][david][Thread-21][e6bdc287-1e65-41c3-9ac6-8dbc60861c30]KNNSearch call calcDistanceSetNative
2018-06-11 17:14:09,009 AUDIT [X160912][david][Thread-21][e6bdc287-1e65-41c3-9ac6-8dbc60861c30]KNNSearch finished.
2018-06-11 17:14:09,011 AUDIT [X160912][david][Thread-21]recognition taken time: 13 ms, detail: t1~(12)~t2~(1)~t3
2018-06-11 17:14:09,011 AUDIT [X160912][david][Thread-21]CarbonScan initialize taken time: 155 ms
2018-06-11 17:14:09,011 AUDIT [X160912][david][Thread-21]search taken time: 166 ms
2018-06-11 17:14:09,094 INFO [IPC Server handler 0 on 7881][partitionID:;queryID:20346742420963] Query will be executed on table: 
2018-06-11 17:14:09,110 AUDIT [X160912][david][Thread-17][2170440d-5034-4e32-a0b7-75baa3de8783] EntityRecognition batchSize: 100000
2018-06-11 17:14:09,115 AUDIT [X160912][david][Thread-17]collect result taken time: 5 ms
2018-06-11 17:14:09,115 AUDIT [X160912][david][Thread-17][2170440d-5034-4e32-a0b7-75baa3de8783]KNNSearch call calcDistanceSetNative
2018-06-11 17:14:09,123 AUDIT [X160912][david][Thread-17][2170440d-5034-4e32-a0b7-75baa3de8783]KNNSearch finished.
2018-06-11 17:14:09,124 AUDIT [X160912][david][Thread-17]recognition taken time: 9 ms, detail: t1~(8)~t2~(1)~t3
2018-06-11 17:14:09,124 AUDIT [X160912][david][Thread-17]CarbonScan initialize taken time: 30 ms
2018-06-11 17:14:09,125 AUDIT [X160912][david][Thread-17]search taken time: 30 ms
2018-06-11 17:14:09,190 INFO [IPC Server handler 2 on 7881][partitionID:;queryID:20346838688913] Query will be executed on table: 
2018-06-11 17:14:09,204 AUDIT [X160912][david][Thread-19][87096556-e9ce-408c-94d9-c99e8bee9cf3] EntityRecognition batchSize: 100000
2018-06-11 17:14:09,209 AUDIT [X160912][david][Thread-19]collect result taken time: 5 ms
2018-06-11 17:14:09,209 AUDIT [X160912][david][Thread-19][87096556-e9ce-408c-94d9-c99e8bee9cf3]KNNSearch call calcDistanceSetNative
2018-06-11 17:14:09,216 AUDIT [X160912][david][Thread-19][87096556-e9ce-408c-94d9-c99e8bee9cf3]KNNSearch finished.
2018-06-11 17:14:09,217 AUDIT [X160912][david][Thread-19]recognition taken time: 8 ms, detail: t1~(7)~t2~(1)~t3
2018-06-11 17:14:09,217 AUDIT [X160912][david][Thread-19]CarbonScan initialize taken time: 27 ms
2018-06-11 17:14:09,218 AUDIT [X160912][david][Thread-19]search taken time: 28 ms
2018-06-11 17:17:16,718 WARN Unable to load native-hadoop library for your platform... using builtin-java classes where applicable
2018-06-11 17:17:16,838 AUDIT [X160912][david][Thread-1]loaded properties: /home/david/Documents/code/carbonstore/select/build/carbonselect/conf/server/carbonselect.properties
2018-06-11 17:17:16,925 INFO Using callQueue class java.util.concurrent.LinkedBlockingQueue
2018-06-11 17:17:16,982 INFO Starting Socket Reader #1 for port 7881
2018-06-11 17:17:17,018 INFO IPC Server Responder: starting
2018-06-11 17:17:17,020 INFO IPC Server listener on 7881: starting
2018-06-11 17:17:26,546 AUDIT [X160912][david][Thread-17]loaded library: carbonvision
2018-06-11 17:17:31,289 AUDIT [X160912][david][Thread-18]loaded Model: /home/david/Documents/code/carbonstore/select/build/carbonselect/lib/third/intellifData
2018-06-11 17:17:42,096 AUDIT [X160912][david][Thread-19]cached table in disk: Table{database='default', tableName='frs_table'}
2018-06-11 17:17:42,673 INFO Socket Reader #1 for port 7881 Property file path: /home/david/Documents/code/carbonstore/../../../conf/carbon.properties
2018-06-11 17:17:42,673 INFO Socket Reader #1 for port 7881 ------Using Carbon.properties --------
2018-06-11 17:17:42,673 INFO Socket Reader #1 for port 7881 {}
2018-06-11 17:17:42,693 INFO Socket Reader #1 for port 7881 Carbon Current data file version: V3
2018-06-11 17:17:42,693 INFO Socket Reader #1 for port 7881 Blocklet Size Configured value is "64
2018-06-11 17:17:42,694 WARN Socket Reader #1 for port 7881 The enable unsafe sort value "null" is invalid. Using the default value "true
2018-06-11 17:17:42,694 WARN Socket Reader #1 for port 7881 The enable off heap sort value "null" is invalid. Using the default value "true
2018-06-11 17:17:42,694 WARN Socket Reader #1 for port 7881 The custom block distribution value "null" is invalid. Using the default value "false
2018-06-11 17:17:42,694 WARN Socket Reader #1 for port 7881 The enable vector reader value "null" is invalid. Using the default value "true
2018-06-11 17:17:42,731 WARN Socket Reader #1 for port 7881 The carbon task distribution value "null" is invalid. Using the default value "block
2018-06-11 17:17:42,731 WARN Socket Reader #1 for port 7881 The enable auto handoff value "null" is invalid. Using the default value "true
2018-06-11 17:17:42,732 WARN Socket Reader #1 for port 7881 The specified value for property sort.inmemory.size.inmbis Invalid. Taking the default value.1024
2018-06-11 17:17:42,843 INFO [IPC Server handler 4 on 7881][partitionID:;queryID:20560480579006] Query will be executed on table: 
2018-06-11 17:17:42,932 INFO pool-1-thread-1 Working Memory manager is created with size 536870912 with org.apache.carbondata.core.memory.UnsafeMemoryAllocator@4fa4c2eb
2018-06-11 17:17:42,948 AUDIT [X160912][david][Thread-21][446eeadf-88c3-4ec4-8dab-c3928c7eddd7] EntityRecognition batchSize: 100000
2018-06-11 17:17:42,966 AUDIT [X160912][david][Thread-21]collect result taken time: 18 ms
2018-06-11 17:17:42,966 AUDIT [X160912][david][Thread-21][446eeadf-88c3-4ec4-8dab-c3928c7eddd7]KNNSearch call calcDistanceSetNative
2018-06-11 17:17:42,977 AUDIT [X160912][david][Thread-21][446eeadf-88c3-4ec4-8dab-c3928c7eddd7]KNNSearch finished.
2018-06-11 17:17:42,979 AUDIT [X160912][david][Thread-21]recognition taken time: 12 ms, detail: t1~(11)~t2~(1)~t3
2018-06-11 17:17:42,979 AUDIT [X160912][david][Thread-21]CarbonScan initialize taken time: 139 ms
2018-06-11 17:17:42,980 AUDIT [X160912][david][Thread-21]search taken time: 152 ms
2018-06-11 17:17:43,060 INFO [IPC Server handler 8 on 7881][partitionID:;queryID:20560708026739] Query will be executed on table: 
2018-06-11 17:17:43,089 AUDIT [X160912][david][Thread-25][93dc358d-78b8-4433-b9fd-c9b69a82cd9b] EntityRecognition batchSize: 100000
2018-06-11 17:17:43,096 AUDIT [X160912][david][Thread-25]collect result taken time: 6 ms
2018-06-11 17:17:43,096 AUDIT [X160912][david][Thread-25][93dc358d-78b8-4433-b9fd-c9b69a82cd9b]KNNSearch call calcDistanceSetNative
2018-06-11 17:17:43,104 AUDIT [X160912][david][Thread-25][93dc358d-78b8-4433-b9fd-c9b69a82cd9b]KNNSearch finished.
2018-06-11 17:17:43,105 AUDIT [X160912][david][Thread-25]recognition taken time: 9 ms, detail: t1~(8)~t2~(1)~t3
2018-06-11 17:17:43,105 AUDIT [X160912][david][Thread-25]CarbonScan initialize taken time: 46 ms
2018-06-11 17:17:43,106 AUDIT [X160912][david][Thread-25]search taken time: 47 ms
2018-06-11 17:17:43,166 INFO [IPC Server handler 1 on 7881][partitionID:;queryID:20560814173643] Query will be executed on table: 
2018-06-11 17:17:43,176 AUDIT [X160912][david][Thread-18][f03f4c4e-d0a3-4e08-86af-a853a3205ce2] EntityRecognition batchSize: 100000
2018-06-11 17:17:43,181 AUDIT [X160912][david][Thread-18]collect result taken time: 5 ms
2018-06-11 17:17:43,181 AUDIT [X160912][david][Thread-18][f03f4c4e-d0a3-4e08-86af-a853a3205ce2]KNNSearch call calcDistanceSetNative
2018-06-11 17:17:43,191 AUDIT [X160912][david][Thread-18][f03f4c4e-d0a3-4e08-86af-a853a3205ce2]KNNSearch finished.
2018-06-11 17:17:43,193 AUDIT [X160912][david][Thread-18]recognition taken time: 12 ms, detail: t1~(11)~t2~(1)~t3
2018-06-11 17:17:43,193 AUDIT [X160912][david][Thread-18]CarbonScan initialize taken time: 27 ms
2018-06-11 17:17:43,193 AUDIT [X160912][david][Thread-18]search taken time: 28 ms
